2022-11-29 13:29:41,770 INFO An INFO
2022-11-29 13:29:41,770 WARNING A WARNING
2022-11-29 13:29:41,770 ERROR An ERROR
2022-11-29 13:29:41,770 CRITICAL A message of CRITICAL severity
2022-11-29 13:29:41,772 INFO Scheduler started
2022-11-29 13:30:36,882 INFO Александр Соловьев запустил команду start
2022-11-29 13:30:39,657 INFO Александр Соловьев выбрал тип данных <class 'float'>.
2022-11-29 13:30:41,149 INFO Александр Соловьев выбрал операцию -.
2022-11-29 13:30:43,488 INFO Александр Соловьев ввел значение для А 325.
2022-11-29 13:30:44,923 INFO Александр Соловьев ввел значение для B 562.
2022-11-29 13:30:44,923 INFO Александр Соловьев получил результат -237.0.
2022-11-29 13:30:47,778 INFO Александр Соловьев запустил команду start
2022-11-29 13:30:48,740 INFO Александр Соловьев выбрал тип данных <class 'complex'>.
2022-11-29 13:30:50,352 INFO Александр Соловьев выбрал операцию *.
2022-11-29 13:30:54,317 INFO Александр Соловьев ввел значение для А 5+5j.
2022-11-29 13:31:00,884 INFO Александр Соловьев ввел значение для B -56-5j.
2022-11-29 13:31:00,884 INFO Александр Соловьев получил результат (-255-305j).
2022-11-29 13:32:19,759 INFO Received signal 2 (SIGINT), stopping...
2022-11-29 13:32:19,759 INFO Scheduler has been shut down
2022-11-29 13:32:21,545 INFO An INFO
2022-11-29 13:32:21,545 WARNING A WARNING
2022-11-29 13:32:21,545 ERROR An ERROR
2022-11-29 13:32:21,545 CRITICAL A message of CRITICAL severity
2022-11-29 13:32:21,548 INFO Scheduler started
2022-11-29 13:32:26,024 INFO Александр Соловьев запустил команду start
